<?xml version="1.0" encoding="UTF-8"?>
<!-- Generated by org.testng.reporters.JUnitXMLReporter -->
<testsuite hostname="DESKTOP-898KCVL" ignored="0" name="Default test" tests="9" failures="0" timestamp="19 лип. 2020 21:46:10 GMT" time="1.515" errors="0">
  <testcase name="checkWhenNumberIsInValid" time="0.009" classname="task332.FunctionTestNG"/>
  <testcase name="checkWhenNumberIsInValid" time="0.002" classname="task332.FunctionTestNG"/>
  <testcase name="checkWhenNumberIsInValid" time="0.003" classname="task332.FunctionTestNG"/>
  <testcase name="checkWhenNumberIsInValid" time="0.002" classname="task332.FunctionTestNG"/>
  <testcase name="checkWhenNumberIsInValid" time="0.005" classname="task332.FunctionTestNG"/>
  <testcase name="checkWhenNumberIsValidAndResult" time="0.003" classname="task332.FunctionTestNG"/>
  <testcase name="checkWhenNumberIsValidAndResult" time="0.002" classname="task332.FunctionTestNG"/>
  <testcase name="checkWhenNumberIsValidAndResult" time="1.419" classname="task332.FunctionTestNG"/>
  <testcase name="checkWhenNumberIsValidAndResult" time="0.001" classname="task332.FunctionTestNG"/>
</testsuite> <!-- Default test -->
