<?xml version="1.0" encoding="UTF-8"?>
<!-- Generated by org.testng.reporters.JUnitXMLReporter -->
<testsuite hostname="DESKTOP-2GL04DH" ignored="0" name="FireFoxTest" tests="4" failures="0" timestamp="04 серп. 2020 19:57:00 GMT" time="26.755" errors="0">
  <testcase name="IsPresentSignInElement" time="0.462" classname="com.softserve.edu.junit.SignIn_Smoke_test"/>
  <testcase name="IsPresentSignUpElement" time="0.542" classname="com.softserve.edu.junit.SignUp_Smoke_test"/>
  <testcase name="IsErrorMessageToEmptyEmailField" time="0.437" classname="com.softserve.edu.junit.LVTAQC_58_test"/>
  <testcase name="logInWithEmptyEmailField" time="1.121" classname="com.softserve.edu.junit.LVTAQC_58_test"/>
</testsuite> <!-- FireFoxTest -->
