<?xml version="1.0" encoding="UTF-8"?>
<!-- Generated by org.testng.reporters.JUnitXMLReporter -->
<testsuite hostname="DESKTOP-2GL04DH" ignored="0" name="FireFox" tests="2" failures="0" timestamp="02 серп. 2020 10:03:15 GMT" time="18.671" errors="0">
  <testcase name="IsPresentSignUInElement" time="0.514" classname="com.softserve.edu.junit.SignIn_Smoke_test"/>
  <testcase name="IsPresentSignUpElement" time="0.518" classname="com.softserve.edu.junit.SignUp_Smoke_test"/>
</testsuite> <!-- FireFox -->
