<?xml version="1.0" encoding="UTF-8"?>
<!-- Generated by org.testng.reporters.JUnitXMLReporter -->
<testsuite hostname="DESKTOP-2GL04DH" ignored="0" name="Test" tests="28" failures="0" timestamp="03 серп. 2020 12:11:49 GMT" time="0.108" errors="0">
  <testcase name="test_A_InValidData" time="0.009" classname="com.softserve.edu.testng.Task_243_TestNG"/>
  <testcase name="test_A_InValidData" time="0.001" classname="com.softserve.edu.testng.Task_243_TestNG"/>
  <testcase name="test_A_ValidData" time="0.003" classname="com.softserve.edu.testng.Task_243_TestNG"/>
  <testcase name="test_A_ValidData" time="0.001" classname="com.softserve.edu.testng.Task_243_TestNG"/>
  <testcase name="test_A_ValidData" time="0.002" classname="com.softserve.edu.testng.Task_243_TestNG"/>
  <testcase name="test_A_ValidData" time="0.001" classname="com.softserve.edu.testng.Task_243_TestNG"/>
  <testcase name="test_A_ValidData" time="0.001" classname="com.softserve.edu.testng.Task_243_TestNG"/>
  <testcase name="test_A_ValidDataIntegration" time="0.003" classname="com.softserve.edu.testng.Task_243_TestNG"/>
  <testcase name="test_B_InValidData" time="0.001" classname="com.softserve.edu.testng.Task_243_TestNG"/>
  <testcase name="test_B_InValidData" time="0.001" classname="com.softserve.edu.testng.Task_243_TestNG"/>
  <testcase name="test_B_ValidData" time="0.001" classname="com.softserve.edu.testng.Task_243_TestNG"/>
  <testcase name="test_B_ValidData" time="0.001" classname="com.softserve.edu.testng.Task_243_TestNG"/>
  <testcase name="test_B_ValidData" time="0.0" classname="com.softserve.edu.testng.Task_243_TestNG"/>
  <testcase name="test_B_ValidData" time="0.002" classname="com.softserve.edu.testng.Task_243_TestNG"/>
  <testcase name="test_B_ValidData" time="0.001" classname="com.softserve.edu.testng.Task_243_TestNG"/>
  <testcase name="test_B_ValidDataIntegration" time="0.001" classname="com.softserve.edu.testng.Task_243_TestNG"/>
  <testcase name="InValidData" time="0.001" classname="com.softserve.edu.testng.Task_107_TestNG"/>
  <testcase name="InValidData" time="0.001" classname="com.softserve.edu.testng.Task_107_TestNG"/>
  <testcase name="ValidData" time="0.001" classname="com.softserve.edu.testng.Task_107_TestNG"/>
  <testcase name="ValidData" time="0.001" classname="com.softserve.edu.testng.Task_107_TestNG"/>
  <testcase name="ValidData" time="0.001" classname="com.softserve.edu.testng.Task_107_TestNG"/>
  <testcase name="ValidDataIntegration" time="0.001" classname="com.softserve.edu.testng.Task_107_TestNG"/>
  <testcase name="testInValidData" time="0.0" classname="com.softserve.edu.testng.Task_108_TestNG"/>
  <testcase name="testInValidData" time="0.001" classname="com.softserve.edu.testng.Task_108_TestNG"/>
  <testcase name="testValidData" time="0.001" classname="com.softserve.edu.testng.Task_108_TestNG"/>
  <testcase name="testValidData" time="0.001" classname="com.softserve.edu.testng.Task_108_TestNG"/>
  <testcase name="testValidData" time="0.001" classname="com.softserve.edu.testng.Task_108_TestNG"/>
  <testcase name="testValidDataIntegration" time="0.002" classname="com.softserve.edu.testng.Task_108_TestNG"/>
</testsuite> <!-- Test -->
