<?xml version="1.0" encoding="UTF-8"?>
<!-- Generated by org.testng.reporters.JUnitXMLReporter -->
<testsuite hostname="DESKTOP-2GL04DH" ignored="11" name="Test" tests="6" failures="0" timestamp="19 лип. 2020 13:40:26 GMT" time="0.038" errors="0">
  <testcase name="test107" time="0.008" classname="com.softserve.edu.testng.Task_107_TestNG"/>
  <testcase name="test107" time="0.002" classname="com.softserve.edu.testng.Task_107_TestNG"/>
  <testcase name="test107" time="0.001" classname="com.softserve.edu.testng.Task_107_TestNG"/>
  <testcase name="testObj107" time="0.002" classname="com.softserve.edu.testng.Task_107_TestNG"/>
  <testcase name="testObj107" time="0.0" classname="com.softserve.edu.testng.Task_107_TestNG"/>
  <testcase name="testObj107" time="0.0" classname="com.softserve.edu.testng.Task_107_TestNG"/>
  <testcase name="testNegative" time="0.0" classname="com.softserve.edu.testng.Task_108_TestNG">
    <ignored/>
  </testcase> <!-- testNegative -->
  <testcase name="testNegative" time="0.0" classname="com.softserve.edu.testng.Task_107_TestNG">
    <ignored/>
  </testcase> <!-- testNegative -->
  <testcase name="testZero" time="0.0" classname="com.softserve.edu.testng.Task_243_TestNG">
    <ignored/>
  </testcase> <!-- testZero -->
  <testcase name="testOBJNegative" time="0.0" classname="com.softserve.edu.testng.Task_107_TestNG">
    <ignored/>
  </testcase> <!-- testOBJNegative -->
  <testcase name="testOBJNegative" time="0.0" classname="com.softserve.edu.testng.Task_108_TestNG">
    <ignored/>
  </testcase> <!-- testOBJNegative -->
  <testcase name="test243" time="0.0" classname="com.softserve.edu.testng.Task_243_TestNG">
    <ignored/>
  </testcase> <!-- test243 -->
  <testcase name="testOne" time="0.0" classname="com.softserve.edu.testng.Task_107_TestNG">
    <ignored/>
  </testcase> <!-- testOne -->
  <testcase name="testZero" time="0.0" classname="com.softserve.edu.testng.Task_108_TestNG">
    <ignored/>
  </testcase> <!-- testZero -->
  <testcase name="test108" time="0.0" classname="com.softserve.edu.testng.Task_108_TestNG">
    <ignored/>
  </testcase> <!-- test108 -->
  <testcase name="testNegative" time="0.0" classname="com.softserve.edu.testng.Task_243_TestNG">
    <ignored/>
  </testcase> <!-- testNegative -->
  <testcase name="testObj108" time="0.0" classname="com.softserve.edu.testng.Task_108_TestNG">
    <ignored/>
  </testcase> <!-- testObj108 -->
</testsuite> <!-- Test -->
