<?xml version="1.0" encoding="UTF-8"?>
<!-- Generated by org.testng.reporters.JUnitXMLReporter -->
<testsuite hostname="DESKTOP-2GL04DH" ignored="8" tests="0" failures="0" timestamp="31 лип. 2020 16:12:36 GMT" time="0.0" errors="0">
  <testcase name="test_B_ValidData" time="0.0" classname="com.softserve.edu.testng.Task_243_TestNG">
    <ignored/>
  </testcase> <!-- test_B_ValidData -->
  <testcase name="test_A_InValidData" time="0.0" classname="com.softserve.edu.testng.Task_243_TestNG">
    <ignored/>
  </testcase> <!-- test_A_InValidData -->
  <testcase name="ValidData" time="0.0" classname="com.softserve.edu.testng.Task_107_TestNG">
    <ignored/>
  </testcase> <!-- ValidData -->
  <testcase name="testInValidData" time="0.0" classname="com.softserve.edu.testng.Task_108_TestNG">
    <ignored/>
  </testcase> <!-- testInValidData -->
  <testcase name="InValidData" time="0.0" classname="com.softserve.edu.testng.Task_107_TestNG">
    <ignored/>
  </testcase> <!-- InValidData -->
  <testcase name="test_B_InValidData" time="0.0" classname="com.softserve.edu.testng.Task_243_TestNG">
    <ignored/>
  </testcase> <!-- test_B_InValidData -->
  <testcase name="testValidData" time="0.0" classname="com.softserve.edu.testng.Task_108_TestNG">
    <ignored/>
  </testcase> <!-- testValidData -->
  <testcase name="test_A_ValidData" time="0.0" classname="com.softserve.edu.testng.Task_243_TestNG">
    <ignored/>
  </testcase> <!-- test_A_ValidData -->
</testsuite>
