<?xml version="1.0" encoding="UTF-8"?>
<testng-results skipped="0" failed="1" ignored="0" total="1" passed="0">
  <reporter-output>
  </reporter-output>
  <suite name="Default suite" duration-ms="3473" started-at="2020-09-17T08:37:19Z" finished-at="2020-09-17T08:37:22Z">
    <groups>
    </groups>
    <test name="Default test" duration-ms="3473" started-at="2020-09-17T08:37:19Z" finished-at="2020-09-17T08:37:22Z">
      <class name="com.softserve.edu.greencity.api.ApiTest">
        <test-method status="FAIL" signature="addNews()[pri:0, instance:com.softserve.edu.greencity.api.ApiTest@3e6fa38a]" name="addNews" duration-ms="3404" started-at="2020-09-17T08:37:19Z" finished-at="2020-09-17T08:37:22Z">
          <exception class="java.lang.IllegalArgumentException">
            <message>
              <![CDATA[Don't know how to encode addEcoNewsDtoRequest=%7B%22tags%22%3A%5B%22news%22%5D%2C%22text%22%3A%22It%27s%20API444%20so%20healthy%2C%20fun%20and%20cool%20to%20bring%20eco%20habits%20in%20everyday%20life%20%5Cn%22%2C%22title%22%3A%22Be%20eco%21%20Be%20cool%21%5Cn%22%2C%22source%22%3A%22https%3A%2F%2Fita-social-projects.github.io%2FGreenCityClient%2F%23%2Fnews%2F3079%22%2C%22image%22%3Anull%7D as a byte stream.

Please use EncoderConfig (EncoderConfig#encodeContentTypeAs) to specify how to serialize data for this content-type.
For example: "given().config(RestAssured.config().encoderConfig(encoderConfig().encodeContentTypeAs("multipart/form-data", ContentType.TEXT))). .."]]>
            </message>
            <full-stacktrace>
              <![CDATA[java.lang.IllegalArgumentException: Don't know how to encode addEcoNewsDtoRequest=%7B%22tags%22%3A%5B%22news%22%5D%2C%22text%22%3A%22It%27s%20API444%20so%20healthy%2C%20fun%20and%20cool%20to%20bring%20eco%20habits%20in%20everyday%20life%20%5Cn%22%2C%22title%22%3A%22Be%20eco%21%20Be%20cool%21%5Cn%22%2C%22source%22%3A%22https%3A%2F%2Fita-social-projects.github.io%2FGreenCityClient%2F%23%2Fnews%2F3079%22%2C%22image%22%3Anull%7D as a byte stream.

Please use EncoderConfig (EncoderConfig#encodeContentTypeAs) to specify how to serialize data for this content-type.
For example: "given().config(RestAssured.config().encoderConfig(encoderConfig().encodeContentTypeAs("multipart/form-data", ContentType.TEXT))). .."
at com.jayway.restassured.internal.http.EncoderRegistry.encodeStream(EncoderRegistry.java:129)
at sun.reflect.NativeMethodAccessorImpl.invoke0(Native Method)
at sun.reflect.NativeMethodAccessorImpl.invoke(NativeMethodAccessorImpl.java:62)
at sun.reflect.DelegatingMethodAccessorImpl.invoke(DelegatingMethodAccessorImpl.java:43)
at java.lang.reflect.Method.invoke(Method.java:498)
at org.codehaus.groovy.reflection.CachedMethod.invoke(CachedMethod.java:93)
at groovy.lang.MetaMethod.doMethodInvoke(MetaMethod.java:325)
at groovy.lang.MetaClassImpl.invokeMethod(MetaClassImpl.java:1210)
at groovy.lang.MetaClassImpl.invokeMethod(MetaClassImpl.java:1077)
at groovy.lang.MetaClassImpl.invokeMethod(MetaClassImpl.java:1019)
at groovy.lang.Closure.call(Closure.java:426)
at com.jayway.restassured.internal.http.HTTPBuilder$RequestConfigDelegate.setBody(HTTPBuilder.java:1088)
at com.jayway.restassured.internal.http.HTTPBuilder$RequestConfigDelegate.setPropertiesFromMap(HTTPBuilder.java:1002)
at com.jayway.restassured.internal.http.HTTPBuilder.post(HTTPBuilder.java:336)
at com.jayway.restassured.internal.http.HTTPBuilder$post$2.call(Unknown Source)
at org.codehaus.groovy.runtime.callsite.CallSiteArray.defaultCall(CallSiteArray.java:48)
at org.codehaus.groovy.runtime.callsite.AbstractCallSite.call(AbstractCallSite.java:113)
at org.codehaus.groovy.runtime.callsite.AbstractCallSite.call(AbstractCallSite.java:133)
at com.jayway.restassured.internal.RequestSpecificationImpl.sendRequest(RequestSpecificationImpl.groovy:1159)
at sun.reflect.NativeMethodAccessorImpl.invoke0(Native Method)
at sun.reflect.NativeMethodAccessorImpl.invoke(NativeMethodAccessorImpl.java:62)
at sun.reflect.DelegatingMethodAccessorImpl.invoke(DelegatingMethodAccessorImpl.java:43)
at java.lang.reflect.Method.invoke(Method.java:498)
at org.codehaus.groovy.reflection.CachedMethod.invoke(CachedMethod.java:93)
at groovy.lang.MetaMethod.doMethodInvoke(MetaMethod.java:325)
at groovy.lang.MetaClassImpl.invokeMethod(MetaClassImpl.java:1210)
at groovy.lang.MetaClassImpl.invokeMethod(MetaClassImpl.java:1019)
at groovy.lang.MetaClassImpl.invokeMethod(MetaClassImpl.java:810)
at com.jayway.restassured.internal.RequestSpecificationImpl.invokeMethod(RequestSpecificationImpl.groovy)
at org.codehaus.groovy.runtime.callsite.PogoInterceptableSite.call(PogoInterceptableSite.java:48)
at org.codehaus.groovy.runtime.callsite.CallSiteArray.defaultCall(CallSiteArray.java:48)
at org.codehaus.groovy.runtime.callsite.AbstractCallSite.call(AbstractCallSite.java:113)
at org.codehaus.groovy.runtime.callsite.AbstractCallSite.call(AbstractCallSite.java:149)
at com.jayway.restassured.internal.filter.SendRequestFilter.filter(SendRequestFilter.groovy:30)
at com.jayway.restassured.filter.Filter$filter$0.call(Unknown Source)
at org.codehaus.groovy.runtime.callsite.CallSiteArray.defaultCall(CallSiteArray.java:48)
at com.jayway.restassured.filter.Filter$filter.call(Unknown Source)
at com.jayway.restassured.internal.filter.FilterContextImpl.next(FilterContextImpl.groovy:73)
at com.jayway.restassured.filter.time.TimingFilter.filter(TimingFilter.java:56)
at com.jayway.restassured.filter.Filter$filter.call(Unknown Source)
at org.codehaus.groovy.runtime.callsite.CallSiteArray.defaultCall(CallSiteArray.java:48)
at org.codehaus.groovy.runtime.callsite.AbstractCallSite.call(AbstractCallSite.java:113)
at org.codehaus.groovy.runtime.callsite.AbstractCallSite.call(AbstractCallSite.java:141)
at com.jayway.restassured.internal.filter.FilterContextImpl.next(FilterContextImpl.groovy:73)
at com.jayway.restassured.filter.FilterContext$next.call(Unknown Source)
at org.codehaus.groovy.runtime.callsite.CallSiteArray.defaultCall(CallSiteArray.java:48)
at org.codehaus.groovy.runtime.callsite.AbstractCallSite.call(AbstractCallSite.java:113)
at org.codehaus.groovy.runtime.callsite.AbstractCallSite.call(AbstractCallSite.java:133)
at com.jayway.restassured.internal.RequestSpecificationImpl.applyPathParamsAndSendRequest(RequestSpecificationImpl.groovy:1596)
at sun.reflect.NativeMethodAccessorImpl.invoke0(Native Method)
at sun.reflect.NativeMethodAccessorImpl.invoke(NativeMethodAccessorImpl.java:62)
at sun.reflect.DelegatingMethodAccessorImpl.invoke(DelegatingMethodAccessorImpl.java:43)
at java.lang.reflect.Method.invoke(Method.java:498)
at org.codehaus.groovy.reflection.CachedMethod.invoke(CachedMethod.java:93)
at groovy.lang.MetaMethod.doMethodInvoke(MetaMethod.java:325)
at groovy.lang.MetaClassImpl.invokeMethod(MetaClassImpl.java:1210)
at groovy.lang.MetaClassImpl.invokeMethod(MetaClassImpl.java:1019)
at groovy.lang.MetaClassImpl.invokeMethod(MetaClassImpl.java:810)
at com.jayway.restassured.internal.RequestSpecificationImpl.invokeMethod(RequestSpecificationImpl.groovy)
at org.codehaus.groovy.runtime.callsite.PogoInterceptableSite.call(PogoInterceptableSite.java:48)
at org.codehaus.groovy.runtime.callsite.PogoInterceptableSite.callCurrent(PogoInterceptableSite.java:58)
at org.codehaus.groovy.runtime.callsite.CallSiteArray.defaultCallCurrent(CallSiteArray.java:52)
at org.codehaus.groovy.runtime.callsite.AbstractCallSite.callCurrent(AbstractCallSite.java:154)
at org.codehaus.groovy.runtime.callsite.AbstractCallSite.callCurrent(AbstractCallSite.java:182)
at com.jayway.restassured.internal.RequestSpecificationImpl.post(RequestSpecificationImpl.groovy:164)
at com.jayway.restassured.internal.RequestSpecificationImpl.post(RequestSpecificationImpl.groovy)
at com.softserve.edu.greencity.api.ApiTest.addNews(ApiTest.java:49)
at sun.reflect.NativeMethodAccessorImpl.invoke0(Native Method)
at sun.reflect.NativeMethodAccessorImpl.invoke(NativeMethodAccessorImpl.java:62)
at sun.reflect.DelegatingMethodAccessorImpl.invoke(DelegatingMethodAccessorImpl.java:43)
at java.lang.reflect.Method.invoke(Method.java:498)
at org.testng.internal.MethodInvocationHelper.invokeMethod(MethodInvocationHelper.java:124)
at org.testng.internal.Invoker.invokeMethod(Invoker.java:583)
at org.testng.internal.Invoker.invokeTestMethod(Invoker.java:719)
at org.testng.internal.Invoker.invokeTestMethods(Invoker.java:989)
at org.testng.internal.TestMethodWorker.invokeTestMethods(TestMethodWorker.java:125)
at org.testng.internal.TestMethodWorker.run(TestMethodWorker.java:109)
at org.testng.TestRunner.privateRun(TestRunner.java:648)
at org.testng.TestRunner.run(TestRunner.java:505)
at org.testng.SuiteRunner.runTest(SuiteRunner.java:455)
at org.testng.SuiteRunner.runSequentially(SuiteRunner.java:450)
at org.testng.SuiteRunner.privateRun(SuiteRunner.java:415)
at org.testng.SuiteRunner.run(SuiteRunner.java:364)
at org.testng.SuiteRunnerWorker.runSuite(SuiteRunnerWorker.java:52)
at org.testng.SuiteRunnerWorker.run(SuiteRunnerWorker.java:84)
at org.testng.TestNG.runSuitesSequentially(TestNG.java:1208)
at org.testng.TestNG.runSuitesLocally(TestNG.java:1137)
at org.testng.TestNG.runSuites(TestNG.java:1049)
at org.testng.TestNG.run(TestNG.java:1017)
at org.testng.remote.AbstractRemoteTestNG.run(AbstractRemoteTestNG.java:115)
at org.testng.remote.RemoteTestNG.initAndRun(RemoteTestNG.java:251)
at org.testng.remote.RemoteTestNG.main(RemoteTestNG.java:77)
]]>
            </full-stacktrace>
          </exception> <!-- java.lang.IllegalArgumentException -->
          <reporter-output>
          </reporter-output>
        </test-method> <!-- addNews -->
      </class> <!-- com.softserve.edu.greencity.api.ApiTest -->
    </test> <!-- Default test -->
  </suite> <!-- Default suite -->
</testng-results>
